#
# There is insufficient memory for the Java Runtime Environment to continue.
# Native memory allocation (malloc) failed to allocate 32744 bytes for ChunkPool::allocate
# Possible reasons:
#   The system is out of physical RAM or swap space
#   In 32 bit mode, the process size limit was hit
# Possible solutions:
#   Reduce memory load on the system
#   Increase physical memory or swap space
#   Check if swap backing store is full
#   Use 64 bit Java on a 64 bit OS
#   Decrease Java heap size (-Xmx/-Xms)
#   Decrease number of Java threads
#   Decrease Java thread stack sizes (-Xss)
#   Set larger code cache with -XX:ReservedCodeCacheSize=
# This output file may be truncated or incomplete.
#
#  Out of Memory Error (allocation.cpp:273), pid=20704, tid=8144
#
# JRE version: Java(TM) SE Runtime Environment (8.0_51-b16) (build 1.8.0_51-b16)
# Java VM: Java HotSpot(TM) 64-Bit Server VM (25.51-b03 mixed mode windows-amd64 compressed oops)
# Failed to write core dump. Minidumps are not enabled by default on client versions of Windows
#

---------------  T H R E A D  ---------------

Current thread (0x000000001792a800):  JavaThread "C1 CompilerThread3" daemon [_thread_in_native, id=8144, stack(0x00000000181f0000,0x00000000182f0000)]

Stack: [0x00000000181f0000,0x00000000182f0000]
Native frames: (J=compiled Java code, j=interpreted, Vv=VM code, C=native code)
V  [jvm.dll+0x32b4ca]
V  [jvm.dll+0x2797e3]
V  [jvm.dll+0x27a479]
V  [jvm.dll+0x271765]
V  [jvm.dll+0xcb824]
V  [jvm.dll+0xcba47]
V  [jvm.dll+0xcbecc]
V  [jvm.dll+0x2708d7]
V  [jvm.dll+0x270aa5]
V  [jvm.dll+0x43bdf8]
V  [jvm.dll+0x43ceb9]
V  [jvm.dll+0x43d037]
V  [jvm.dll+0x41a2fb]
V  [jvm.dll+0x406105]
V  [jvm.dll+0x4061f1]
V  [jvm.dll+0x4063b2]
V  [jvm.dll+0x406581]
V  [jvm.dll+0x40678f]
V  [jvm.dll+0xa43a2]
V  [jvm.dll+0xa4cdf]
V  [jvm.dll+0x2418a4]
V  [jvm.dll+0x29846a]
C  [msvcr100.dll+0x21d9f]
C  [msvcr100.dll+0x21e3b]
C  [KERNEL32.DLL+0x1257d]
C  [ntdll.dll+0x5aa58]


Current CompileTask:
C1:    536  148       3       java.util.regex.Pattern::closure (477 bytes)


---------------  P R O C E S S  ---------------

Java Threads: ( => current thread )
  0x00000000179c0000 JavaThread "Service Thread" daemon [_thread_blocked, id=13324, stack(0x00000000182f0000,0x00000000183f0000)]
=>0x000000001792a800 JavaThread "C1 CompilerThread3" daemon [_thread_in_native, id=8144, stack(0x00000000181f0000,0x00000000182f0000)]
  0x0000000017926800 JavaThread "C2 CompilerThread2" daemon [_thread_in_native, id=2836, stack(0x00000000180f0000,0x00000000181f0000)]
  0x000000001791f800 JavaThread "C2 CompilerThread1" daemon [_thread_blocked, id=17632, stack(0x0000000017ff0000,0x00000000180f0000)]
  0x000000001791c000 JavaThread "C2 CompilerThread0" daemon [_thread_blocked, id=19448, stack(0x0000000017ef0000,0x0000000017ff0000)]
  0x0000000017917000 JavaThread "Attach Listener" daemon [_thread_blocked, id=19044, stack(0x0000000017df0000,0x0000000017ef0000)]
  0x0000000017916800 JavaThread "Signal Dispatcher" daemon [_thread_blocked, id=20812, stack(0x0000000017cf0000,0x0000000017df0000)]
  0x00000000033c9000 JavaThread "Finalizer" daemon [_thread_blocked, id=2020, stack(0x00000000177c0000,0x00000000178c0000)]
  0x00000000033c2000 JavaThread "Reference Handler" daemon [_thread_blocked, id=21272, stack(0x00000000176c0000,0x00000000177c0000)]
  0x00000000032ce000 JavaThread "main" [_thread_in_vm, id=20932, stack(0x00000000031a0000,0x00000000032a0000)]

Other Threads:
  0x00000000158ea000 VMThread [stack: 0x00000000175c0000,0x00000000176c0000] [id=16948]
  0x00000000179c2800 WatcherThread [stack: 0x00000000183f0000,0x00000000184f0000] [id=5536]

VM state:not at safepoint (normal execution)

VM Mutex/Monitor currently owned by a thread: None

Heap:
 PSYoungGen      total 16384K, used 3169K [0x00000000ee100000, 0x00000000ef300000, 0x0000000100000000)
  eden space 14336K, 22% used [0x00000000ee100000,0x00000000ee418678,0x00000000eef00000)
  from space 2048K, 0% used [0x00000000ef100000,0x00000000ef100000,0x00000000ef300000)
  to   space 2048K, 0% used [0x00000000eef00000,0x00000000eef00000,0x00000000ef100000)
 ParOldGen       total 36864K, used 0K [0x00000000ca200000, 0x00000000cc600000, 0x00000000ee100000)
  object space 36864K, 0% used [0x00000000ca200000,0x00000000ca200000,0x00000000cc600000)
 Metaspace       used 4349K, capacity 4888K, committed 4992K, reserved 1056768K
  class space    used 509K, capacity 568K, committed 640K, reserved 1048576K

Card table byte_map: [0x0000000012790000,0x0000000012940000] byte_map_base: 0x000000001213f000

Marking Bits: (ParMarkBitMap*) 0x000000005ed64040
 Begin Bits: [0x0000000013260000, 0x0000000013fd8000)
 End Bits:   [0x0000000013fd8000, 0x0000000014d50000)

Polling page: 0x0000000003150000

CodeCache: size=245760Kb used=1378Kb max_used=1388Kb free=244381Kb
 bounds [0x00000000033d0000, 0x0000000003640000, 0x00000000123d0000]
 total_blobs=429 nmethods=148 adapters=195
 compilation: enabled

Compilation events (10 events):
Event: 0.460 Thread 0x000000001792a800 nmethod 143 0x0000000003525b50 code [0x0000000003525ce0, 0x0000000003526088]
Event: 0.466 Thread 0x000000001792a800  144  s    1       java.util.Vector::size (5 bytes)
Event: 0.466 Thread 0x000000001792a800 nmethod 144 0x0000000003526a10 code [0x0000000003526b60, 0x0000000003526dd0]
Event: 0.482 Thread 0x000000001792a800  145       3       java.util.regex.Pattern::next (33 bytes)
Event: 0.483 Thread 0x000000001792a800 nmethod 145 0x0000000003527650 code [0x00000000035277c0, 0x0000000003527a88]
Event: 0.483 Thread 0x000000001792a800  146       3       java.util.regex.Pattern::append (39 bytes)
Event: 0.483 Thread 0x000000001792a800 nmethod 146 0x0000000003527bd0 code [0x0000000003527d40, 0x0000000003528088]
Event: 0.483 Thread 0x000000001792a800  147       3       java.util.regex.Pattern$Node::<init> (12 bytes)
Event: 0.483 Thread 0x000000001792a800 nmethod 147 0x00000000035281d0 code [0x0000000003528340, 0x0000000003528510]
Event: 0.484 Thread 0x000000001792a800  148       3       java.util.regex.Pattern::closure (477 bytes)

GC Heap History (0 events):
No events

Deoptimization events (0 events):
No events

Internal exceptions (6 events):
Event: 0.095 Thread 0x00000000032ce000 Exception <a 'java/lang/NoSuchMethodError': Method sun.misc.Unsafe.defineClass(Ljava/lang/String;[BII)Ljava/lang/Class; name or signature does not match> (0x00000000ee10d798) thrown at [C:\re\workspace\8-2-build-windows-amd64-cygwin\jdk8u51\3951\hotspot\srìp!è‡F∏?
Event: 0.095 Thread 0x00000000032ce000 Exception <a 'java/lang/NoSuchMethodError': Method sun.misc.Unsafe.prefetchRead(Ljava/lang/Object;J)V name or signature does not match> (0x00000000ee10da28) thrown at [C:\re\workspace\8-2-build-windows-amd64-cygwin\jdk8u51\3951\hotspot\src\share\vm\prims\j RÎ˝F;◊?
Event: 0.363 Thread 0x00000000032ce000 Exception <a 'java/security/PrivilegedActionException'> (0x00000000ee2cbf08) thrown at [C:\re\workspace\8-2-build-windows-amd64-cygwin\jdk8u51\3951\hotspot\src\share\vm\prims\jvm.cpp, line 1382]
Event: 0.363 Thread 0x00000000032ce000 Exception <a 'java/security/PrivilegedActionException'> (0x00000000ee2cc0c0) thrown at [C:\re\workspace\8-2-build-windows-amd64-cygwin\jdk8u51\3951\hotspot\src\share\vm\prims\jvm.cpp, line 1382]
Event: 0.365 Thread 0x00000000032ce000 Exception <a 'java/security/PrivilegedActionException'> (0x00000000ee2cfbb8) thrown at [C:\re\workspace\8-2-build-windows-amd64-cygwin\jdk8u51\3951\hotspot\src\share\vm\prims\jvm.cpp, line 1382]
Event: 0.365 Thread 0x00000000032ce000 Exception <a 'java/security/PrivilegedActionException'> (0x00000000ee2cfd70) thrown at [C:\re\workspace\8-2-build-windows-amd64-cygwin\jdk8u51\3951\hotspot\src\share\vm\prims\jvm.cpp, line 1382]

Events (10 events):
Event: 0.476 loading class sun/nio/ch/SharedFileLockTable
Event: 0.476 loading class sun/nio/ch/SharedFileLockTable done
Event: 0.476 loading class sun/nio/ch/FileKey
Event: 0.476 loading class sun/nio/ch/FileKey done
Event: 0.476 loading class sun/nio/ch/SharedFileLockTable$FileLockReference
Event: 0.477 loading class sun/nio/ch/SharedFileLockTable$FileLockReference done
Event: 0.478 loading class java/io/RandomAccessFile$1
Event: 0.478 loading class java/io/RandomAccessFile$1 done
Event: 0.485 loading class org/gradle/launcher/GradleMain
Event: 0.485 loading class org/gradle/launcher/GradleMain done


Dynamic libraries:
0x00007ff76fe50000 - 0x00007ff76fe87000 	C:\ProgramData\Oracle\Java\javapath\java.exe
0x00007ff87fb50000 - 0x00007ff87fd67000 	C:\WINDOWS\SYSTEM32\ntdll.dll
0x00007ff87d8a0000 - 0x00007ff87d964000 	C:\WINDOWS\System32\KERNEL32.DLL
0x00007ff87ce90000 - 0x00007ff87d236000 	C:\WINDOWS\System32\KERNELBASE.dll
0x00007ff87e910000 - 0x00007ff87e9c3000 	C:\WINDOWS\System32\ADVAPI32.dll
0x00007ff87db30000 - 0x00007ff87dbd7000 	C:\WINDOWS\System32\msvcrt.dll
0x00007ff87da20000 - 0x00007ff87dac8000 	C:\WINDOWS\System32\sechost.dll
0x00007ff87d780000 - 0x00007ff87d7a8000 	C:\WINDOWS\System32\bcrypt.dll
0x00007ff87e9d0000 - 0x00007ff87eae7000 	C:\WINDOWS\System32\RPCRT4.dll
0x00007ff87dc90000 - 0x00007ff87de3e000 	C:\WINDOWS\System32\USER32.dll
0x00007ff87d630000 - 0x00007ff87d656000 	C:\WINDOWS\System32\win32u.dll
0x00007ff87eb10000 - 0x00007ff87eb39000 	C:\WINDOWS\System32\GDI32.dll
0x00007ff87d240000 - 0x00007ff87d358000 	C:\WINDOWS\System32\gdi32full.dll
0x00007ff87d590000 - 0x00007ff87d62a000 	C:\WINDOWS\System32\msvcp_win.dll
0x00007ff87d660000 - 0x00007ff87d771000 	C:\WINDOWS\System32\ucrtbase.dll
0x00007ff87c180000 - 0x00007ff87c413000 	C:\WINDOWS\WinSxS\amd64_microsoft.windows.common-controls_6595b64144ccf1df_6.0.22621.2506_none_270c5ae97388e100\COMCTL32.dll
0x00007ff87e180000 - 0x00007ff87e1b1000 	C:\WINDOWS\System32\IMM32.DLL
0x000000005edf0000 - 0x000000005eec2000 	C:\Program Files\Java\jre1.8.0_51\bin\msvcr100.dll
0x000000005e560000 - 0x000000005ede3000 	C:\Program Files\Java\jre1.8.0_51\bin\server\jvm.dll
0x00007ff87de40000 - 0x00007ff87de48000 	C:\WINDOWS\System32\PSAPI.DLL
0x00007ff875000000 - 0x00007ff875034000 	C:\WINDOWS\SYSTEM32\WINMM.dll
0x00007ff875d70000 - 0x00007ff875d7a000 	C:\WINDOWS\SYSTEM32\VERSION.dll
0x00007ff877f10000 - 0x00007ff877f19000 	C:\WINDOWS\SYSTEM32\WSOCK32.dll
0x00007ff87e730000 - 0x00007ff87e7a1000 	C:\WINDOWS\System32\WS2_32.dll
0x0000000060380000 - 0x000000006038f000 	C:\Program Files\Java\jre1.8.0_51\bin\verify.dll
0x0000000060350000 - 0x0000000060379000 	C:\Program Files\Java\jre1.8.0_51\bin\java.dll
0x0000000060330000 - 0x0000000060346000 	C:\Program Files\Java\jre1.8.0_51\bin\zip.dll
0x00007ff87f230000 - 0x00007ff87fa8b000 	C:\WINDOWS\System32\SHELL32.dll
0x00007ff87a710000 - 0x00007ff87b006000 	C:\WINDOWS\SYSTEM32\windows.storage.dll
0x00007ff87ed00000 - 0x00007ff87f089000 	C:\WINDOWS\System32\combase.dll
0x00007ff87a5d0000 - 0x00007ff87a70e000 	C:\WINDOWS\SYSTEM32\wintypes.dll
0x00007ff87f130000 - 0x00007ff87f223000 	C:\WINDOWS\System32\SHCORE.dll
0x00007ff87dad0000 - 0x00007ff87db2e000 	C:\WINDOWS\System32\shlwapi.dll
0x00007ff87cdc0000 - 0x00007ff87cde6000 	C:\WINDOWS\SYSTEM32\profapi.dll
0x0000000060310000 - 0x000000006032a000 	C:\Program Files\Java\jre1.8.0_51\bin\net.dll
0x00007ff87bc30000 - 0x00007ff87bc99000 	C:\WINDOWS\system32\mswsock.dll
0x00000000602f0000 - 0x0000000060301000 	C:\Program Files\Java\jre1.8.0_51\bin\nio.dll
0x00007ff87c790000 - 0x00007ff87c9c3000 	C:\WINDOWS\SYSTEM32\dbghelp.dll
0x00007ff87e650000 - 0x00007ff87e727000 	C:\WINDOWS\System32\OLEAUT32.dll
0x00007ff87d820000 - 0x00007ff87d89a000 	C:\WINDOWS\System32\bcryptPrimitives.dll

VM Arguments:
jvm_args: -Dorg.gradle.appname=gradlew 
java_command: org.gradle.wrapper.GradleWrapperMain -q -Ptarget-platform=android-arm64 -Ptarget=D:\tugas flutter\tugaxsam\lib\hal1.dart -Pbase-application-name=android.app.Application -Pdart-defines=RkxVVFRFUl9XRUJfQVVUT19ERVRFQ1Q9dHJ1ZQ==,RkxVVFRFUl9XRUJfQ0FOVkFTS0lUX1VSTD1odHRwczovL3d3dy5nc3RhdGljLmNvbS9mbHV0dGVyLWNhbnZhc2tpdC8wNDgxN2M5OWM5ZmQ0OTU2ZjI3NTA1MjA0ZjdlMzQ0MzM1ODEwYWVkLw== -Pdart-obfuscation=false -Ptrack-widget-creation=true -Ptree-shake-icons=false -Pfilesystem-scheme=org-dartlang-root assembleDebug
java_class_path (initial): D:\tugas flutter\tugaxsam\android\\gradle\wrapper\gradle-wrapper.jar
Launcher Type: SUN_STANDARD

Environment Variables:
CLASSPATH=D:\tugas flutter\tugaxsam\android\\gradle\wrapper\gradle-wrapper.jar
PATH=C:\ProgramData\Oracle\Java\javapath;C:\ProgramData\Oracle\Java\javapath;C:\WINDOWS\system32;C:\WINDOWS;C:\WINDOWS\System32\Wbem;C:\WINDOWS\System32\WindowsPowerShell\v1.0\;C:\WINDOWS\System32\OpenSSH\;C:\Users\LENOVO\AppData\Local\Android\Sdk;C:\Users\LENOVO\AppData\Local\Android\Sdk\platforms;C:\Users\LENOVO\AppData\Local\Android\Sdk\tools;C:\Users\LENOVO\AppData\Local\Android\Sdk\bin;C:\Users\LENOVO\AppData\Local\Android\Sdk\platforms-tools;C:\Program Files\Git\cmd;C:\Users\LENOVO\AppData\Local\Microsoft\WindowsApps;C:\Users\LENOVO\AppData\Local\Programs\Microsoft VS Code\bin;C:\Users\LENOVO\AppData\Local\Android\Sdk;C:\flutter\bin;;C:\flutter\bin\mingit\cmd;C:\flutter\bin\mingit\cmd
USERNAME=LENOVO
OS=Windows_NT
PROCESSOR_IDENTIFIER=AMD64 Family 23 Model 104 Stepping 1, AuthenticAMD



---------------  S Y S T E M  ---------------

OS: Windows 10.0 , 64 bit Build 22621 (10.0.22621.3085)

CPU:total 8 (8 cores per cpu, 1 threads per core) family 23 model 104 stepping 1, cmov, cx8, fxsr, mmx, sse, sse2, sse3, ssse3, sse4.1, sse4.2, popcnt, avx, avx2, aes, clmul, mmxext, 3dnowpref, lzcnt, sse4a, tsc, tscinvbit, tscinv, bmi1

Memory: 4k page, physical 3528708k(186396k free), swap 14538756k(0k free)

vm_info: Java HotSpot(TM) 64-Bit Server VM (25.51-b03) for windows-amd64 JRE (1.8.0_51-b16), built on Jun  8 2015 18:03:07 by "java_re" with MS VC++ 10.0 (VS2010)

time: Tue Mar 05 09:52:13 2024
elapsed time: 0 seconds (0d 0h 0m 0s)

