#
# There is insufficient memory for the Java Runtime Environment to continue.
# Native memory allocation (malloc) failed to allocate 1035856 bytes for Chunk::new
# Possible reasons:
#   The system is out of physical RAM or swap space
#   The process is running with CompressedOops enabled, and the Java Heap may be blocking the growth of the native heap
# Possible solutions:
#   Reduce memory load on the system
#   Increase physical memory or swap space
#   Check if swap backing store is full
#   Decrease Java heap size (-Xmx/-Xms)
#   Decrease number of Java threads
#   Decrease Java thread stack sizes (-Xss)
#   Set larger code cache with -XX:ReservedCodeCacheSize=
#   JVM is running with Zero Based Compressed Oops mode in which the Java heap is
#     placed in the first 32GB address space. The Java Heap base address is the
#     maximum limit for the native heap growth. Please use -XX:HeapBaseMinAddress
#     to set the Java Heap base and to place the Java Heap above 32GB virtual address.
# This output file may be truncated or incomplete.
#
#  Out of Memory Error (arena.cpp:189), pid=20456, tid=18184
#
# JRE version: OpenJDK Runtime Environment (17.0.7) (build 17.0.7+0-b2043.56-10550314)
# Java VM: OpenJDK 64-Bit Server VM (17.0.7+0-b2043.56-10550314, mixed mode, tiered, compressed oops, compressed class ptrs, g1 gc, windows-amd64)
# No core dump will be written. Minidumps are not enabled by default on client versions of Windows
#

---------------  S U M M A R Y ------------

Command Line: --add-opens=java.base/java.util=ALL-UNNAMED --add-opens=java.base/java.lang=ALL-UNNAMED --add-opens=java.base/java.lang.invoke=ALL-UNNAMED --add-opens=java.prefs/java.util.prefs=ALL-UNNAMED --add-opens=java.base/java.nio.charset=ALL-UNNAMED --add-opens=java.base/java.net=ALL-UNNAMED --add-opens=java.base/java.util.concurrent.atomic=ALL-UNNAMED -Xmx4G -Dfile.encoding=windows-1252 -Duser.country=ID -Duser.language=en -Duser.variant org.gradle.launcher.daemon.bootstrap.GradleDaemon 7.6.3

Host: AMD Ryzen 3 5300U with Radeon Graphics         , 8 cores, 3G,  Windows 11 , 64 bit Build 22621 (10.0.22621.3085)
Time: Tue Mar  5 09:52:10 2024 SE Asia Standard Time elapsed time: 17.469000 seconds (0d 0h 0m 17s)

---------------  T H R E A D  ---------------

Current thread (0x000001b07fa53c00):  JavaThread "C2 CompilerThread0" daemon [_thread_in_native, id=18184, stack(0x0000006b75700000,0x0000006b75800000)]


Current CompileTask:
C2:  17469 4811   !   4       java.lang.ClassLoader::loadClass (121 bytes)

Stack: [0x0000006b75700000,0x0000006b75800000]
Native frames: (J=compiled Java code, j=interpreted, Vv=VM code, C=native code)
V  [jvm.dll+0x683bfa]
V  [jvm.dll+0x8430a4]
V  [jvm.dll+0x8449be]
V  [jvm.dll+0x845023]
V  [jvm.dll+0x24ad2f]
V  [jvm.dll+0xac25c]
V  [jvm.dll+0xac82c]
V  [jvm.dll+0x2b218f]
V  [jvm.dll+0x58c2f7]
V  [jvm.dll+0x225a12]
V  [jvm.dll+0x225def]
V  [jvm.dll+0x21f0b5]
V  [jvm.dll+0x21c56b]
V  [jvm.dll+0x1a605d]
V  [jvm.dll+0x22c148]
V  [jvm.dll+0x22a209]
V  [jvm.dll+0x7f858c]
V  [jvm.dll+0x7f2aea]
V  [jvm.dll+0x682a35]
C  [ucrtbase.dll+0x29363]
C  [KERNEL32.DLL+0x1257d]
C  [ntdll.dll+0x5aa58]


---------------  P R O C E S S  ---------------

Threads class SMR info:
_java_thread_list=0x000001b01fa468a0, length=40, elements={
0x000001b075fc2610, 0x000001b07fa088d0, 0x000001b07fa09650, 0x000001b07fa2af30,
0x000001b07fa2b9f0, 0x000001b07fa2e3c0, 0x000001b07fa52f60, 0x000001b07fa53c00,
0x000001b07fa57ab0, 0x000001b07fa583b0, 0x000001b019196bd0, 0x000001b0191970a0,
0x000001b01a15b690, 0x000001b01a4e7480, 0x000001b01a523370, 0x000001b01a0c6890,
0x000001b01ac9b8e0, 0x000001b019b6c100, 0x000001b01ac244e0, 0x000001b019b66430,
0x000001b019b65f60, 0x000001b019b685e0, 0x000001b019b67c40, 0x000001b019b68ab0,
0x000001b019b650f0, 0x000001b019b65a90, 0x000001b019b66900, 0x000001b019b66dd0,
0x000001b019b672a0, 0x000001b019b67770, 0x000001b019b68110, 0x000001b01c2e59c0,
0x000001b01c2e5020, 0x000001b01c2e3340, 0x000001b01c2e41b0, 0x000001b01c2e71d0,
0x000001b01c2e6360, 0x000001b01c2e1190, 0x000001b01c2e2e70, 0x000001b01c2e1b30
}

Java Threads: ( => current thread )
  0x000001b075fc2610 JavaThread "main" [_thread_blocked, id=20928, stack(0x0000006b74a00000,0x0000006b74b00000)]
  0x000001b07fa088d0 JavaThread "Reference Handler" daemon [_thread_blocked, id=17700, stack(0x0000006b75100000,0x0000006b75200000)]
  0x000001b07fa09650 JavaThread "Finalizer" daemon [_thread_blocked, id=20220, stack(0x0000006b75200000,0x0000006b75300000)]
  0x000001b07fa2af30 JavaThread "Signal Dispatcher" daemon [_thread_blocked, id=11224, stack(0x0000006b75300000,0x0000006b75400000)]
  0x000001b07fa2b9f0 JavaThread "Attach Listener" daemon [_thread_blocked, id=17628, stack(0x0000006b75400000,0x0000006b75500000)]
  0x000001b07fa2e3c0 JavaThread "Service Thread" daemon [_thread_blocked, id=19788, stack(0x0000006b75500000,0x0000006b75600000)]
  0x000001b07fa52f60 JavaThread "Monitor Deflation Thread" daemon [_thread_blocked, id=18712, stack(0x0000006b75600000,0x0000006b75700000)]
=>0x000001b07fa53c00 JavaThread "C2 CompilerThread0" daemon [_thread_in_native, id=18184, stack(0x0000006b75700000,0x0000006b75800000)]
  0x000001b07fa57ab0 JavaThread "C1 CompilerThread0" daemon [_thread_blocked, id=11412, stack(0x0000006b75800000,0x0000006b75900000)]
  0x000001b07fa583b0 JavaThread "Sweeper thread" daemon [_thread_blocked, id=8100, stack(0x0000006b75900000,0x0000006b75a00000)]
  0x000001b019196bd0 JavaThread "Common-Cleaner" daemon [_thread_blocked, id=5720, stack(0x0000006b75a00000,0x0000006b75b00000)]
  0x000001b0191970a0 JavaThread "Notification Thread" daemon [_thread_blocked, id=20796, stack(0x0000006b75b00000,0x0000006b75c00000)]
  0x000001b01a15b690 JavaThread "Daemon health stats" [_thread_blocked, id=18188, stack(0x0000006b76100000,0x0000006b76200000)]
  0x000001b01a4e7480 JavaThread "Incoming local TCP Connector on port 56269" [_thread_in_native, id=6408, stack(0x0000006b76200000,0x0000006b76300000)]
  0x000001b01a523370 JavaThread "Daemon periodic checks" [_thread_blocked, id=6560, stack(0x0000006b76300000,0x0000006b76400000)]
  0x000001b01a0c6890 JavaThread "Daemon" [_thread_blocked, id=10912, stack(0x0000006b76500000,0x0000006b76600000)]
  0x000001b01ac9b8e0 JavaThread "Handler for socket connection from /127.0.0.1:56269 to /127.0.0.1:56270" [_thread_in_native, id=18016, stack(0x0000006b76600000,0x0000006b76700000)]
  0x000001b019b6c100 JavaThread "Cancel handler" [_thread_blocked, id=17456, stack(0x0000006b76a00000,0x0000006b76b00000)]
  0x000001b01ac244e0 JavaThread "Daemon worker" [_thread_in_vm, id=20240, stack(0x0000006b76b00000,0x0000006b76c00000)]
  0x000001b019b66430 JavaThread "Asynchronous log dispatcher for DefaultDaemonConnection: socket connection from /127.0.0.1:56269 to /127.0.0.1:56270" [_thread_blocked, id=20404, stack(0x0000006b76c00000,0x0000006b76d00000)]
  0x000001b019b65f60 JavaThread "Stdin handler" [_thread_blocked, id=21304, stack(0x0000006b76d00000,0x0000006b76e00000)]
  0x000001b019b685e0 JavaThread "Daemon client event forwarder" [_thread_blocked, id=17088, stack(0x0000006b76e00000,0x0000006b76f00000)]
  0x000001b019b67c40 JavaThread "Cache worker for journal cache (C:\Users\LENOVO\.gradle\caches\journal-1)" [_thread_blocked, id=4216, stack(0x0000006b76f00000,0x0000006b77000000)]
  0x000001b019b68ab0 JavaThread "File lock request listener" [_thread_in_native, id=20168, stack(0x0000006b76400000,0x0000006b76500000)]
  0x000001b019b650f0 JavaThread "Cache worker for file hash cache (C:\Users\LENOVO\.gradle\caches\7.6.3\fileHashes)" [_thread_blocked, id=16364, stack(0x0000006b77100000,0x0000006b77200000)]
  0x000001b019b65a90 JavaThread "File watcher server" daemon [_thread_in_native, id=10464, stack(0x0000006b77400000,0x0000006b77500000)]
  0x000001b019b66900 JavaThread "File watcher consumer" daemon [_thread_blocked, id=19980, stack(0x0000006b77500000,0x0000006b77600000)]
  0x000001b019b66dd0 JavaThread "Cache worker for checksums cache (D:\tugas flutter\tugaxsam\android\.gradle\7.6.3\checksums)" [_thread_blocked, id=19916, stack(0x0000006b77600000,0x0000006b77700000)]
  0x000001b019b672a0 JavaThread "Cache worker for cache directory md-rule (C:\Users\LENOVO\.gradle\caches\7.6.3\md-rule)" [_thread_blocked, id=7836, stack(0x0000006b77700000,0x0000006b77800000)]
  0x000001b019b67770 JavaThread "Cache worker for file content cache (C:\Users\LENOVO\.gradle\caches\7.6.3\fileContent)" [_thread_blocked, id=20876, stack(0x0000006b77800000,0x0000006b77900000)]
  0x000001b019b68110 JavaThread "Cache worker for file hash cache (D:\tugas flutter\tugaxsam\android\.gradle\7.6.3\fileHashes)" [_thread_blocked, id=19256, stack(0x0000006b77900000,0x0000006b77a00000)]
  0x000001b01c2e59c0 JavaThread "Cache worker for cache directory md-supplier (C:\Users\LENOVO\.gradle\caches\7.6.3\md-supplier)" [_thread_blocked, id=11020, stack(0x0000006b77a00000,0x0000006b77b00000)]
  0x000001b01c2e5020 JavaThread "Cache worker for execution history cache (C:\Users\LENOVO\.gradle\caches\7.6.3\executionHistory)" [_thread_blocked, id=9776, stack(0x0000006b77200000,0x0000006b77300000)]
  0x000001b01c2e3340 JavaThread "jar transforms" [_thread_blocked, id=1184, stack(0x0000006b77c00000,0x0000006b77d00000)]
  0x000001b01c2e41b0 JavaThread "Cache worker for kotlin-dsl (C:\Users\LENOVO\.gradle\caches\7.6.3\kotlin-dsl)" [_thread_blocked, id=20004, stack(0x0000006b77b00000,0x0000006b77c00000)]
  0x000001b01c2e71d0 JavaThread "jar transforms Thread 2" [_thread_blocked, id=3028, stack(0x0000006b77d00000,0x0000006b77e00000)]
  0x000001b01c2e6360 JavaThread "Cache worker for dependencies-accessors (D:\tugas flutter\tugaxsam\android\.gradle\7.6.3\dependencies-accessors)" [_thread_blocked, id=10344, stack(0x0000006b77e00000,0x0000006b77f00000)]
  0x000001b01c2e1190 JavaThread "Cache worker for Build Output Cleanup Cache (C:\flutter\packages\flutter_tools\gradle\.gradle\buildOutputCleanup)" [_thread_blocked, id=16908, stack(0x0000006b77f00000,0x0000006b78000000)]
  0x000001b01c2e2e70 JavaThread "jar transforms Thread 3" [_thread_blocked, id=4164, stack(0x0000006b78000000,0x0000006b78100000)]
  0x000001b01c2e1b30 JavaThread "Memory manager" [_thread_blocked, id=15512, stack(0x0000006b78100000,0x0000006b78200000)]

Other Threads:
  0x000001b07fa058b0 VMThread "VM Thread" [stack: 0x0000006b75000000,0x0000006b75100000] [id=21316]
  0x000001b0760539f0 WatcherThread [stack: 0x0000006b75c00000,0x0000006b75d00000] [id=160]
  0x000001b07602e9e0 GCTaskThread "GC Thread#0" [stack: 0x0000006b74b00000,0x0000006b74c00000] [id=980]
  0x000001b019e38b00 GCTaskThread "GC Thread#1" [stack: 0x0000006b75d00000,0x0000006b75e00000] [id=17556]
  0x000001b01998c920 GCTaskThread "GC Thread#2" [stack: 0x0000006b75e00000,0x0000006b75f00000] [id=20328]
  0x000001b019cc8860 GCTaskThread "GC Thread#3" [stack: 0x0000006b75f00000,0x0000006b76000000] [id=14024]
  0x000001b019d4d350 GCTaskThread "GC Thread#4" [stack: 0x0000006b76000000,0x0000006b76100000] [id=20808]
  0x000001b01a45ff40 GCTaskThread "GC Thread#5" [stack: 0x0000006b76700000,0x0000006b76800000] [id=20968]
  0x000001b01aaf9850 GCTaskThread "GC Thread#6" [stack: 0x0000006b76800000,0x0000006b76900000] [id=20696]
  0x000001b019e1c170 GCTaskThread "GC Thread#7" [stack: 0x0000006b76900000,0x0000006b76a00000] [id=2572]
  0x000001b07603f830 ConcurrentGCThread "G1 Main Marker" [stack: 0x0000006b74c00000,0x0000006b74d00000] [id=21024]
  0x000001b0760408f0 ConcurrentGCThread "G1 Conc#0" [stack: 0x0000006b74d00000,0x0000006b74e00000] [id=21308]
  0x000001b01a9c6900 ConcurrentGCThread "G1 Conc#1" [stack: 0x0000006b77000000,0x0000006b77100000] [id=8756]
  0x000001b076076320 ConcurrentGCThread "G1 Refine#0" [stack: 0x0000006b74e00000,0x0000006b74f00000] [id=14000]
  0x000001b076076c50 ConcurrentGCThread "G1 Service" [stack: 0x0000006b74f00000,0x0000006b75000000] [id=16148]

Threads with active compile tasks:
C2 CompilerThread0    17580 4811   !   4       java.lang.ClassLoader::loadClass (121 bytes)

VM state: not at safepoint (normal execution)

VM Mutex/Monitor currently owned by a thread: None

Heap address: 0x0000000700000000, size: 4096 MB, Compressed Oops mode: Zero based, Oop shift amount: 3

CDS archive(s) not mapped
Compressed class space mapped at: 0x0000000800000000-0x0000000840000000, reserved size: 1073741824
Narrow klass base: 0x0000000800000000, Narrow klass shift: 0, Narrow klass range: 0x40000000

GC Precious Log:
 CPUs: 8 total, 8 available
 Memory: 3446M
 Large Page Support: Disabled
 NUMA Support: Disabled
 Compressed Oops: Enabled (Zero based)
 Heap Region Size: 2M
 Heap Min Capacity: 8M
 Heap Initial Capacity: 54M
 Heap Max Capacity: 4G
 Pre-touch: Disabled
 Parallel Workers: 8
 Concurrent Workers: 2
 Concurrent Refinement Workers: 8
 Periodic GC: Disabled

Heap:
 garbage-first heap   total 75776K, used 47021K [0x0000000700000000, 0x0000000800000000)
  region size 2048K, 9 young (18432K), 2 survivors (4096K)
 Metaspace       used 57161K, committed 57664K, reserved 1114112K
  class space    used 7708K, committed 7936K, reserved 1048576K

Heap Regions: E=young(eden), S=young(survivor), O=old, HS=humongous(starts), HC=humongous(continues), CS=collection set, F=free, OA=open archive, CA=closed archive, TAMS=top-at-mark-start (previous, next)
|   0|0x0000000700000000, 0x0000000700200000, 0x0000000700200000|100%|HS|  |TAMS 0x0000000700200000, 0x0000000700000000| Complete 
|   1|0x0000000700200000, 0x0000000700400000, 0x0000000700400000|100%|HC|  |TAMS 0x0000000700400000, 0x0000000700200000| Complete 
|   2|0x0000000700400000, 0x0000000700600000, 0x0000000700600000|100%| O|  |TAMS 0x0000000700600000, 0x0000000700400000| Untracked 
|   3|0x0000000700600000, 0x0000000700800000, 0x0000000700800000|100%| O|  |TAMS 0x0000000700600000, 0x0000000700600000| Untracked 
|   4|0x0000000700800000, 0x0000000700a00000, 0x0000000700a00000|100%| O|  |TAMS 0x0000000700a00000, 0x0000000700800000| Untracked 
|   5|0x0000000700a00000, 0x0000000700c00000, 0x0000000700c00000|100%| O|  |TAMS 0x0000000700c00000, 0x0000000700a00000| Untracked 
|   6|0x0000000700c00000, 0x0000000700e00000, 0x0000000700e00000|100%| O|  |TAMS 0x0000000700e00000, 0x0000000700c00000| Untracked 
|   7|0x0000000700e00000, 0x0000000701000000, 0x0000000701000000|100%| O|  |TAMS 0x0000000701000000, 0x0000000700e00000| Untracked 
|   8|0x0000000701000000, 0x0000000701200000, 0x0000000701200000|100%| O|  |TAMS 0x0000000701200000, 0x0000000701000000| Untracked 
|   9|0x0000000701200000, 0x0000000701400000, 0x0000000701400000|100%| O|  |TAMS 0x0000000701400000, 0x0000000701200000| Untracked 
|  10|0x0000000701400000, 0x0000000701600000, 0x0000000701600000|100%| O|  |TAMS 0x00000007014c9800, 0x0000000701400000| Untracked 
|  11|0x0000000701600000, 0x0000000701800000, 0x0000000701800000|100%| O|  |TAMS 0x0000000701600000, 0x0000000701600000| Untracked 
|  12|0x0000000701800000, 0x0000000701a00000, 0x0000000701a00000|100%| O|  |TAMS 0x0000000701800000, 0x0000000701800000| Untracked 
|  13|0x0000000701a00000, 0x0000000701c00000, 0x0000000701c00000|100%| O|  |TAMS 0x0000000701a00000, 0x0000000701a00000| Untracked 
|  14|0x0000000701c00000, 0x0000000701e00000, 0x0000000701e00000|100%| O|  |TAMS 0x0000000701c00000, 0x0000000701c00000| Untracked 
|  15|0x0000000701e00000, 0x0000000701f98c00, 0x0000000702000000| 79%| O|  |TAMS 0x0000000701e00000, 0x0000000701e00000| Untracked 
|  16|0x0000000702000000, 0x0000000702000000, 0x0000000702200000|  0%| F|  |TAMS 0x0000000702000000, 0x0000000702000000| Untracked 
|  17|0x0000000702200000, 0x0000000702200000, 0x0000000702400000|  0%| F|  |TAMS 0x0000000702200000, 0x0000000702200000| Untracked 
|  18|0x0000000702400000, 0x0000000702400000, 0x0000000702600000|  0%| F|  |TAMS 0x0000000702400000, 0x0000000702400000| Untracked 
|  19|0x0000000702600000, 0x0000000702600000, 0x0000000702800000|  0%| F|  |TAMS 0x0000000702600000, 0x0000000702600000| Untracked 
|  20|0x0000000702800000, 0x0000000702800000, 0x0000000702a00000|  0%| F|  |TAMS 0x0000000702800000, 0x0000000702800000| Untracked 
|  21|0x0000000702a00000, 0x0000000702a00000, 0x0000000702c00000|  0%| F|  |TAMS 0x0000000702a00000, 0x0000000702a00000| Untracked 
|  22|0x0000000702c00000, 0x0000000702c00000, 0x0000000702e00000|  0%| F|  |TAMS 0x0000000702c00000, 0x0000000702c00000| Untracked 
|  23|0x0000000702e00000, 0x0000000702e528f0, 0x0000000703000000| 16%| S|CS|TAMS 0x0000000702e00000, 0x0000000702e00000| Complete 
|  24|0x0000000703000000, 0x0000000703200000, 0x0000000703200000|100%| S|CS|TAMS 0x0000000703000000, 0x0000000703000000| Complete 
|  25|0x0000000703200000, 0x0000000703200000, 0x0000000703400000|  0%| F|  |TAMS 0x0000000703200000, 0x0000000703200000| Untracked 
|  26|0x0000000703400000, 0x0000000703400000, 0x0000000703600000|  0%| F|  |TAMS 0x0000000703400000, 0x0000000703400000| Untracked 
|  27|0x0000000703600000, 0x0000000703600000, 0x0000000703800000|  0%| F|  |TAMS 0x0000000703600000, 0x0000000703600000| Untracked 
|  28|0x0000000703800000, 0x0000000703800000, 0x0000000703a00000|  0%| F|  |TAMS 0x0000000703800000, 0x0000000703800000| Untracked 
|  29|0x0000000703a00000, 0x0000000703a00000, 0x0000000703c00000|  0%| F|  |TAMS 0x0000000703a00000, 0x0000000703a00000| Untracked 
|  30|0x0000000703c00000, 0x0000000703d1e4a8, 0x0000000703e00000| 55%| E|  |TAMS 0x0000000703c00000, 0x0000000703c00000| Complete 
|  31|0x0000000703e00000, 0x0000000704000000, 0x0000000704000000|100%| E|CS|TAMS 0x0000000703e00000, 0x0000000703e00000| Complete 
|  32|0x0000000704000000, 0x0000000704200000, 0x0000000704200000|100%| E|CS|TAMS 0x0000000704000000, 0x0000000704000000| Complete 
|  33|0x0000000704200000, 0x0000000704400000, 0x0000000704400000|100%| E|CS|TAMS 0x0000000704200000, 0x0000000704200000| Complete 
|  34|0x0000000704400000, 0x0000000704600000, 0x0000000704600000|100%| E|CS|TAMS 0x0000000704400000, 0x0000000704400000| Complete 
|  35|0x0000000704600000, 0x0000000704800000, 0x0000000704800000|100%| E|CS|TAMS 0x0000000704600000, 0x0000000704600000| Complete 
|  36|0x0000000704800000, 0x0000000704a00000, 0x0000000704a00000|100%| E|CS|TAMS 0x0000000704800000, 0x0000000704800000| Complete 

Card table byte_map: [0x000001b079fd0000,0x000001b07a7d0000] _byte_map_base: 0x000001b0767d0000

Marking Bits (Prev, Next): (CMBitMap*) 0x000001b07602ef00, (CMBitMap*) 0x000001b07602ef40
 Prev Bits: [0x000001b07afd0000, 0x000001b07efd0000)
 Next Bits: [0x000001b00f000000, 0x000001b013000000)

Polling page: 0x000001b075780000

Metaspace:

Usage:
  Non-class:     48.30 MB used.
      Class:      7.53 MB used.
       Both:     55.83 MB used.

Virtual space:
  Non-class space:       64.00 MB reserved,      48.56 MB ( 76%) committed,  1 nodes.
      Class space:        1.00 GB reserved,       7.75 MB ( <1%) committed,  1 nodes.
             Both:        1.06 GB reserved,      56.31 MB (  5%) committed. 

Chunk freelists:
   Non-Class:  15.42 MB
       Class:  8.30 MB
        Both:  23.72 MB

MaxMetaspaceSize: unlimited
CompressedClassSpaceSize: 1.00 GB
Initial GC threshold: 21.00 MB
Current GC threshold: 58.69 MB
CDS: off
MetaspaceReclaimPolicy: balanced
 - commit_granule_bytes: 65536.
 - commit_granule_words: 8192.
 - virtual_space_node_default_size: 8388608.
 - enlarge_chunks_in_place: 1.
 - new_chunks_are_fully_committed: 0.
 - uncommit_free_chunks: 1.
 - use_allocation_guard: 0.
 - handle_deallocations: 1.


Internal statistics:

num_allocs_failed_limit: 6.
num_arena_births: 584.
num_arena_deaths: 0.
num_vsnodes_births: 2.
num_vsnodes_deaths: 0.
num_space_committed: 901.
num_space_uncommitted: 0.
num_chunks_returned_to_freelist: 6.
num_chunks_taken_from_freelist: 2363.
num_chunk_merges: 3.
num_chunk_splits: 1604.
num_chunks_enlarged: 1150.
num_inconsistent_stats: 0.

CodeHeap 'non-profiled nmethods': size=120000Kb used=3019Kb max_used=3019Kb free=116980Kb
 bounds [0x000001b007ad0000, 0x000001b007dd0000, 0x000001b00f000000]
CodeHeap 'profiled nmethods': size=120000Kb used=10519Kb max_used=10519Kb free=109481Kb
 bounds [0x000001b000000000, 0x000001b000a50000, 0x000001b007530000]
CodeHeap 'non-nmethods': size=5760Kb used=2329Kb max_used=2370Kb free=3430Kb
 bounds [0x000001b007530000, 0x000001b0077a0000, 0x000001b007ad0000]
 total_blobs=5746 nmethods=4900 adapters=758
 compilation: enabled
              stopped_count=0, restarted_count=0
 full_count=0

Compilation events (20 events):
Event: 17.384 Thread 0x000001b07fa57ab0 4921       3       kotlin.reflect.jvm.internal.impl.metadata.ProtoBuf$Type$1::parsePartialFrom (11 bytes)
Event: 17.384 Thread 0x000001b07fa57ab0 nmethod 4921 0x000001b000a42a90 code [0x000001b000a42c40, 0x000001b000a42e48]
Event: 17.384 Thread 0x000001b07fa57ab0 4922       3       kotlin.reflect.jvm.internal.impl.metadata.ProtoBuf$Type::<init> (7 bytes)
Event: 17.385 Thread 0x000001b07fa57ab0 nmethod 4922 0x000001b000a42f90 code [0x000001b000a43120, 0x000001b000a43268]
Event: 17.385 Thread 0x000001b07fa57ab0 4926       3       kotlin.reflect.jvm.internal.impl.metadata.ProtoBuf$TypeTable::getType (14 bytes)
Event: 17.385 Thread 0x000001b07fa57ab0 nmethod 4926 0x000001b000a43310 code [0x000001b000a434c0, 0x000001b000a43788]
Event: 17.385 Thread 0x000001b07fa57ab0 4927       1       kotlin.reflect.jvm.internal.impl.metadata.ProtoBuf$Annotation::getId (5 bytes)
Event: 17.385 Thread 0x000001b07fa57ab0 nmethod 4927 0x000001b007dc2090 code [0x000001b007dc2220, 0x000001b007dc22f8]
Event: 17.385 Thread 0x000001b07fa57ab0 4928       1       kotlin.reflect.jvm.internal.impl.metadata.ProtoBuf$Annotation::access$4700 (5 bytes)
Event: 17.385 Thread 0x000001b07fa57ab0 nmethod 4928 0x000001b007dc2390 code [0x000001b007dc2520, 0x000001b007dc25d8]
Event: 17.408 Thread 0x000001b07fa57ab0 4935       3       kotlin.reflect.jvm.internal.impl.protobuf.CodedOutputStream::writeRawByte (7 bytes)
Event: 17.408 Thread 0x000001b07fa57ab0 nmethod 4935 0x000001b000a43890 code [0x000001b000a43a20, 0x000001b000a43b68]
Event: 17.408 Thread 0x000001b07fa57ab0 4936       3       kotlin.reflect.jvm.internal.impl.protobuf.CodedOutputStream::writeRawByte (43 bytes)
Event: 17.409 Thread 0x000001b07fa57ab0 nmethod 4936 0x000001b000a43c10 code [0x000001b000a43dc0, 0x000001b000a43f88]
Event: 17.409 Thread 0x000001b07fa57ab0 4937       3       kotlin.reflect.jvm.internal.impl.protobuf.CodedOutputStream::computeRawVarint32Size (39 bytes)
Event: 17.409 Thread 0x000001b07fa57ab0 nmethod 4937 0x000001b000a44090 code [0x000001b000a44240, 0x000001b000a444f8]
Event: 17.414 Thread 0x000001b07fa57ab0 4938       3       kotlin.reflect.jvm.internal.impl.protobuf.WireFormat::makeTag (6 bytes)
Event: 17.414 Thread 0x000001b07fa57ab0 nmethod 4938 0x000001b000a44590 code [0x000001b000a44720, 0x000001b000a44818]
Event: 17.414 Thread 0x000001b07fa57ab0 4939       3       kotlin.reflect.jvm.internal.impl.protobuf.CodedOutputStream::writeRawVarint32 (33 bytes)
Event: 17.414 Thread 0x000001b07fa57ab0 nmethod 4939 0x000001b000a44890 code [0x000001b000a44a60, 0x000001b000a44d58]

GC Heap History (20 events):
Event: 7.124 GC heap before
{Heap before GC invocations=7 (full 0):
 garbage-first heap   total 55296K, used 21739K [0x0000000700000000, 0x0000000800000000)
  region size 2048K, 3 young (6144K), 2 survivors (4096K)
 Metaspace       used 24821K, committed 25088K, reserved 1114112K
  class space    used 3189K, committed 3328K, reserved 1048576K
}
Event: 7.130 GC heap after
{Heap after GC invocations=8 (full 0):
 garbage-first heap   total 55296K, used 19684K [0x0000000700000000, 0x0000000800000000)
  region size 2048K, 1 young (2048K), 1 survivors (2048K)
 Metaspace       used 24821K, committed 25088K, reserved 1114112K
  class space    used 3189K, committed 3328K, reserved 1048576K
}
Event: 7.933 GC heap before
{Heap before GC invocations=8 (full 0):
 garbage-first heap   total 55296K, used 38116K [0x0000000700000000, 0x0000000800000000)
  region size 2048K, 10 young (20480K), 1 survivors (2048K)
 Metaspace       used 27962K, committed 28224K, reserved 1114112K
  class space    used 3730K, committed 3840K, reserved 1048576K
}
Event: 7.936 GC heap after
{Heap after GC invocations=9 (full 0):
 garbage-first heap   total 75776K, used 20701K [0x0000000700000000, 0x0000000800000000)
  region size 2048K, 1 young (2048K), 1 survivors (2048K)
 Metaspace       used 27962K, committed 28224K, reserved 1114112K
  class space    used 3730K, committed 3840K, reserved 1048576K
}
Event: 9.322 GC heap before
{Heap before GC invocations=9 (full 0):
 garbage-first heap   total 75776K, used 51421K [0x0000000700000000, 0x0000000800000000)
  region size 2048K, 17 young (34816K), 1 survivors (2048K)
 Metaspace       used 32604K, committed 32960K, reserved 1114112K
  class space    used 4468K, committed 4608K, reserved 1048576K
}
Event: 9.327 GC heap after
{Heap after GC invocations=10 (full 0):
 garbage-first heap   total 75776K, used 22213K [0x0000000700000000, 0x0000000800000000)
  region size 2048K, 2 young (4096K), 2 survivors (4096K)
 Metaspace       used 32604K, committed 32960K, reserved 1114112K
  class space    used 4468K, committed 4608K, reserved 1048576K
}
Event: 9.942 GC heap before
{Heap before GC invocations=10 (full 0):
 garbage-first heap   total 75776K, used 32453K [0x0000000700000000, 0x0000000800000000)
  region size 2048K, 8 young (16384K), 2 survivors (4096K)
 Metaspace       used 35627K, committed 35968K, reserved 1114112K
  class space    used 4752K, committed 4928K, reserved 1048576K
}
Event: 9.950 GC heap after
{Heap after GC invocations=11 (full 0):
 garbage-first heap   total 75776K, used 23786K [0x0000000700000000, 0x0000000800000000)
  region size 2048K, 3 young (6144K), 3 survivors (6144K)
 Metaspace       used 35627K, committed 35968K, reserved 1114112K
  class space    used 4752K, committed 4928K, reserved 1048576K
}
Event: 11.603 GC heap before
{Heap before GC invocations=12 (full 0):
 garbage-first heap   total 75776K, used 56554K [0x0000000700000000, 0x0000000800000000)
  region size 2048K, 19 young (38912K), 3 survivors (6144K)
 Metaspace       used 40237K, committed 40576K, reserved 1114112K
  class space    used 5318K, committed 5440K, reserved 1048576K
}
Event: 11.613 GC heap after
{Heap after GC invocations=13 (full 0):
 garbage-first heap   total 75776K, used 27239K [0x0000000700000000, 0x0000000800000000)
  region size 2048K, 3 young (6144K), 3 survivors (6144K)
 Metaspace       used 40237K, committed 40576K, reserved 1114112K
  class space    used 5318K, committed 5440K, reserved 1048576K
}
Event: 12.776 GC heap before
{Heap before GC invocations=13 (full 0):
 garbage-first heap   total 75776K, used 55911K [0x0000000700000000, 0x0000000800000000)
  region size 2048K, 17 young (34816K), 3 survivors (6144K)
 Metaspace       used 42158K, committed 42496K, reserved 1114112K
  class space    used 5506K, committed 5632K, reserved 1048576K
}
Event: 12.788 GC heap after
{Heap after GC invocations=14 (full 0):
 garbage-first heap   total 75776K, used 29743K [0x0000000700000000, 0x0000000800000000)
  region size 2048K, 3 young (6144K), 3 survivors (6144K)
 Metaspace       used 42158K, committed 42496K, reserved 1114112K
  class space    used 5506K, committed 5632K, reserved 1048576K
}
Event: 14.004 GC heap before
{Heap before GC invocations=14 (full 0):
 garbage-first heap   total 75776K, used 58415K [0x0000000700000000, 0x0000000800000000)
  region size 2048K, 17 young (34816K), 3 survivors (6144K)
 Metaspace       used 44961K, committed 45440K, reserved 1114112K
  class space    used 5867K, committed 6080K, reserved 1048576K
}
Event: 14.011 GC heap after
{Heap after GC invocations=15 (full 0):
 garbage-first heap   total 75776K, used 30983K [0x0000000700000000, 0x0000000800000000)
  region size 2048K, 2 young (4096K), 2 survivors (4096K)
 Metaspace       used 44961K, committed 45440K, reserved 1114112K
  class space    used 5867K, committed 6080K, reserved 1048576K
}
Event: 15.215 GC heap before
{Heap before GC invocations=15 (full 0):
 garbage-first heap   total 75776K, used 57607K [0x0000000700000000, 0x0000000800000000)
  region size 2048K, 15 young (30720K), 2 survivors (4096K)
 Metaspace       used 48271K, committed 48704K, reserved 1114112K
  class space    used 6406K, committed 6592K, reserved 1048576K
}
Event: 15.224 GC heap after
{Heap after GC invocations=16 (full 0):
 garbage-first heap   total 75776K, used 32211K [0x0000000700000000, 0x0000000800000000)
  region size 2048K, 2 young (4096K), 2 survivors (4096K)
 Metaspace       used 48271K, committed 48704K, reserved 1114112K
  class space    used 6406K, committed 6592K, reserved 1048576K
}
Event: 16.346 GC heap before
{Heap before GC invocations=16 (full 0):
 garbage-first heap   total 75776K, used 58835K [0x0000000700000000, 0x0000000800000000)
  region size 2048K, 15 young (30720K), 2 survivors (4096K)
 Metaspace       used 52254K, committed 52672K, reserved 1114112K
  class space    used 7039K, committed 7232K, reserved 1048576K
}
Event: 16.352 GC heap after
{Heap after GC invocations=17 (full 0):
 garbage-first heap   total 75776K, used 33784K [0x0000000700000000, 0x0000000800000000)
  region size 2048K, 2 young (4096K), 2 survivors (4096K)
 Metaspace       used 52254K, committed 52672K, reserved 1114112K
  class space    used 7039K, committed 7232K, reserved 1048576K
}
Event: 17.233 GC heap before
{Heap before GC invocations=17 (full 0):
 garbage-first heap   total 75776K, used 58360K [0x0000000700000000, 0x0000000800000000)
  region size 2048K, 14 young (28672K), 2 survivors (4096K)
 Metaspace       used 55500K, committed 55936K, reserved 1114112K
  class space    used 7498K, committed 7680K, reserved 1048576K
}
Event: 17.238 GC heap after
{Heap after GC invocations=18 (full 0):
 garbage-first heap   total 75776K, used 34733K [0x0000000700000000, 0x0000000800000000)
  region size 2048K, 2 young (4096K), 2 survivors (4096K)
 Metaspace       used 55500K, committed 55936K, reserved 1114112K
  class space    used 7498K, committed 7680K, reserved 1048576K
}

Dll operation events (2 events):
Event: 0.017 Loaded shared library C:\Program Files\Android\Android Studio\jbr\bin\java.dll
Event: 0.865 Loaded shared library C:\Program Files\Android\Android Studio\jbr\bin\verify.dll

Deoptimization events (20 events):
Event: 16.328 Thread 0x000001b01ac244e0 Uncommon trap: trap_request=0xffffffde fr.pc=0x000001b007d67480 relative=0x0000000000000700
Event: 16.328 Thread 0x000001b01ac244e0 Uncommon trap: reason=class_check action=maybe_recompile pc=0x000001b007d67480 method=java.util.regex.Matcher.search(I)Z @ 121 c2
Event: 16.328 Thread 0x000001b01ac244e0 DEOPT PACKING pc=0x000001b007d67480 sp=0x0000006b76bf4640
Event: 16.328 Thread 0x000001b01ac244e0 DEOPT UNPACKING pc=0x000001b0075869a3 sp=0x0000006b76bf45b8 mode 2
Event: 16.329 Thread 0x000001b01ac244e0 Uncommon trap: trap_request=0xffffffde fr.pc=0x000001b007cdc524 relative=0x00000000000006c4
Event: 16.329 Thread 0x000001b01ac244e0 Uncommon trap: reason=class_check action=maybe_recompile pc=0x000001b007cdc524 method=java.util.regex.Matcher.search(I)Z @ 121 c2
Event: 16.329 Thread 0x000001b01ac244e0 DEOPT PACKING pc=0x000001b007cdc524 sp=0x0000006b76bf4630
Event: 16.329 Thread 0x000001b01ac244e0 DEOPT UNPACKING pc=0x000001b0075869a3 sp=0x0000006b76bf4610 mode 2
Event: 16.910 Thread 0x000001b01ac244e0 Uncommon trap: trap_request=0xffffff54 fr.pc=0x000001b007c098a0 relative=0x00000000000008c0
Event: 16.910 Thread 0x000001b01ac244e0 Uncommon trap: reason=speculate_null_assert action=make_not_entrant pc=0x000001b007c098a0 method=java.util.jar.JarFile.getVersionedEntry(Ljava/lang/String;Ljava/util/jar/JarEntry;)Ljava/util/jar/JarEntry; @ 115 c2
Event: 16.910 Thread 0x000001b01ac244e0 DEOPT PACKING pc=0x000001b007c098a0 sp=0x0000006b76bf5c20
Event: 16.910 Thread 0x000001b01ac244e0 DEOPT UNPACKING pc=0x000001b0075869a3 sp=0x0000006b76bf5be8 mode 2
Event: 17.262 Thread 0x000001b01ac244e0 Uncommon trap: trap_request=0xffffff45 fr.pc=0x000001b007dbd7a4 relative=0x0000000000000a44
Event: 17.262 Thread 0x000001b01ac244e0 Uncommon trap: reason=unstable_if action=reinterpret pc=0x000001b007dbd7a4 method=java.util.jar.JarFile.getVersionedEntry(Ljava/lang/String;Ljava/util/jar/JarEntry;)Ljava/util/jar/JarEntry; @ 26 c2
Event: 17.262 Thread 0x000001b01ac244e0 DEOPT PACKING pc=0x000001b007dbd7a4 sp=0x0000006b76bf2b60
Event: 17.262 Thread 0x000001b01ac244e0 DEOPT UNPACKING pc=0x000001b0075869a3 sp=0x0000006b76bf2b20 mode 2
Event: 17.270 Thread 0x000001b01ac244e0 Uncommon trap: trap_request=0xffffff45 fr.pc=0x000001b007bd2a04 relative=0x00000000000012e4
Event: 17.270 Thread 0x000001b01ac244e0 Uncommon trap: reason=unstable_if action=reinterpret pc=0x000001b007bd2a04 method=java.util.concurrent.ConcurrentHashMap.putVal(Ljava/lang/Object;Ljava/lang/Object;Z)Ljava/lang/Object; @ 245 c2
Event: 17.270 Thread 0x000001b01ac244e0 DEOPT PACKING pc=0x000001b007bd2a04 sp=0x0000006b76bf2290
Event: 17.270 Thread 0x000001b01ac244e0 DEOPT UNPACKING pc=0x000001b0075869a3 sp=0x0000006b76bf2208 mode 2

Classes unloaded (0 events):
No events

Classes redefined (0 events):
No events

Internal exceptions (20 events):
Event: 13.140 Thread 0x000001b01ac244e0 Exception <a 'java/lang/NoSuchMethodError'{0x000000070457d6b0}: 'java.lang.Object java.lang.invoke.Invokers$Holder.invoker(java.lang.Object, java.lang.Object, java.lang.Object, java.lang.Object, java.lang.Object, java.lang.Object, java.lang.Object, java.lang.Object, java.lang.Object, java.lang.Object, java.lang.Object, java.lang.Object, java.lang.Object, java.lang.Object, java.lang.Object, java.lang.Object, java.lang.Object, java.lang.Object, java.lang.Object, java.lang.Object, java.lang.Object)'> (0x00000
Event: 13.141 Thread 0x000001b01ac244e0 Exception <a 'java/lang/NoSuchMethodError'{0x00000007045845b8}: 'java.lang.Object java.lang.invoke.DelegatingMethodHandle$Holder.delegate(java.lang.Object, java.lang.Object, java.lang.Object, java.lang.Object, java.lang.Object, java.lang.Object, java.lang.Object, java.lang.Object, java.lang.Object, java.lang.Object, java.lang.Object, java.lang.Object, java.lang.Object, java.lang.Object, java.lang.Object, java.lang.Object, java.lang.Object, java.lang.Object, java.lang.Object, java.lang.Object, java.lang.Obj
Event: 13.164 Thread 0x000001b01ac244e0 Exception <a 'java/lang/NoSuchMethodError'{0x0000000704210c18}: 'java.lang.Object java.lang.invoke.DirectMethodHandle$Holder.invokeStatic(java.lang.Object, java.lang.Object, java.lang.Object, java.lang.Object, java.lang.Object, java.lang.Object, java.lang.Object, java.lang.Object, java.lang.Object, java.lang.Object, java.lang.Object, java.lang.Object, java.lang.Object, java.lang.Object, java.lang.Object, java.lang.Object, java.lang.Object)'> (0x0000000704210c18) 
thrown [s\src\hotspot\share\interpreter\lin
Event: 13.170 Thread 0x000001b01ac244e0 Exception <a 'java/lang/NoSuchMethodError'{0x0000000704238f68}: 'java.lang.Object java.lang.invoke.DirectMethodHandle$Holder.invokeStatic(java.lang.Object, java.lang.Object, java.lang.Object, java.lang.Object, java.lang.Object, java.lang.Object, java.lang.Object, java.lang.Object, java.lang.Object, java.lang.Object, java.lang.Object, java.lang.Object, java.lang.Object, java.lang.Object, java.lang.Object, java.lang.Object, java.lang.Object, java.lang.Object)'> (0x0000000704238f68) 
thrown [s\src\hotspot\sha
Event: 13.174 Thread 0x000001b01ac244e0 Exception <a 'java/lang/NoSuchMethodError'{0x0000000704261b38}: 'java.lang.Object java.lang.invoke.DirectMethodHandle$Holder.invokeStatic(java.lang.Object, java.lang.Object, java.lang.Object, java.lang.Object, java.lang.Object, java.lang.Object, java.lang.Object, java.lang.Object, java.lang.Object, java.lang.Object, java.lang.Object, java.lang.Object, java.lang.Object, java.lang.Object, java.lang.Object, java.lang.Object, java.lang.Object, java.lang.Object, java.lang.Object)'> (0x0000000704261b38) 
thrown 
Event: 13.179 Thread 0x000001b01ac244e0 Exception <a 'java/lang/NoSuchMethodError'{0x000000070428bbd0}: 'java.lang.Object java.lang.invoke.DirectMethodHandle$Holder.invokeStatic(java.lang.Object, java.lang.Object, java.lang.Object, java.lang.Object, java.lang.Object, java.lang.Object, java.lang.Object, java.lang.Object, java.lang.Object, java.lang.Object, java.lang.Object, java.lang.Object, java.lang.Object, java.lang.Object, java.lang.Object, java.lang.Object, java.lang.Object, java.lang.Object, java.lang.Object, java.lang.Object)'> (0x00000007
Event: 13.185 Thread 0x000001b01ac244e0 Exception <a 'java/lang/NoSuchMethodError'{0x00000007042b6a88}: 'java.lang.Object java.lang.invoke.DirectMethodHandle$Holder.invokeStatic(java.lang.Object, java.lang.Object, java.lang.Object, java.lang.Object, java.lang.Object, java.lang.Object, java.lang.Object, java.lang.Object, java.lang.Object, java.lang.Object, java.lang.Object, java.lang.Object, java.lang.Object, java.lang.Object, java.lang.Object, java.lang.Object, java.lang.Object, java.lang.Object, java.lang.Object, java.lang.Object, java.lang.Obj
Event: 13.190 Thread 0x000001b01ac244e0 Exception <a 'java/lang/NoSuchMethodError'{0x00000007042e2340}: 'java.lang.Object java.lang.invoke.DirectMethodHandle$Holder.invokeStatic(java.lang.Object, java.lang.Object, java.lang.Object, java.lang.Object, java.lang.Object, java.lang.Object, java.lang.Object, java.lang.Object, java.lang.Object, java.lang.Object, java.lang.Object, java.lang.Object, java.lang.Object, java.lang.Object, java.lang.Object, java.lang.Object, java.lang.Object, java.lang.Object, java.lang.Object, java.lang.Object, java.lang.Obj
Event: 13.195 Thread 0x000001b01ac244e0 Exception <a 'java/lang/NoSuchMethodError'{0x000000070430f630}: 'java.lang.Object java.lang.invoke.DirectMethodHandle$Holder.invokeStatic(java.lang.Object, java.lang.Object, java.lang.Object, java.lang.Object, java.lang.Object, java.lang.Object, java.lang.Object, java.lang.Object, java.lang.Object, java.lang.Object, java.lang.Object, java.lang.Object, java.lang.Object, java.lang.Object, java.lang.Object, java.lang.Object, java.lang.Object, java.lang.Object, java.lang.Object, java.lang.Object, java.lang.Obj
Event: 13.200 Thread 0x000001b01ac244e0 Exception <a 'java/lang/NoSuchMethodError'{0x000000070433e438}: 'java.lang.Object java.lang.invoke.DirectMethodHandle$Holder.invokeStatic(java.lang.Object, java.lang.Object, java.lang.Object, java.lang.Object, java.lang.Object, java.lang.Object, java.lang.Object, java.lang.Object, java.lang.Object, java.lang.Object, java.lang.Object, java.lang.Object, java.lang.Object, java.lang.Object, java.lang.Object, java.lang.Object, java.lang.Object, java.lang.Object, java.lang.Object, java.lang.Object, java.lang.Obj
Event: 13.559 Thread 0x000001b01ac244e0 Exception <a 'java/lang/IncompatibleClassChangeError'{0x0000000703766538}: Found class java.lang.Object, but interface was expected> (0x0000000703766538) 
thrown [s\src\hotspot\share\interpreter\linkResolver.cpp, line 838]
Event: 13.833 Thread 0x000001b01ac244e0 Exception <a 'java/lang/IncompatibleClassChangeError'{0x00000007030ddbc0}: Found class java.lang.Object, but interface was expected> (0x00000007030ddbc0) 
thrown [s\src\hotspot\share\interpreter\linkResolver.cpp, line 838]
Event: 13.911 Thread 0x000001b01ac244e0 Exception <a 'java/lang/NoSuchMethodError'{0x0000000702e60f80}: 'int java.lang.invoke.DirectMethodHandle$Holder.invokeStaticInit(java.lang.Object, java.lang.Object, java.lang.Object, java.lang.Object, java.lang.Object)'> (0x0000000702e60f80) 
thrown [s\src\hotspot\share\interpreter\linkResolver.cpp, line 771]
Event: 14.031 Thread 0x000001b01ac244e0 Implicit null exception at 0x000001b007c4a16c to 0x000001b007c4a21c
Event: 15.432 Thread 0x000001b01ac244e0 Exception <a 'java/lang/NoSuchMethodError'{0x0000000704572a68}: 'java.lang.Object java.lang.invoke.DirectMethodHandle$Holder.newInvokeSpecial(java.lang.Object, int, java.lang.Object)'> (0x0000000704572a68) 
thrown [s\src\hotspot\share\interpreter\linkResolver.cpp, line 771]
Event: 15.728 Thread 0x000001b01ac244e0 Exception <a 'java/lang/NoSuchMethodError'{0x0000000703a2e7b0}: 'java.lang.Object java.lang.invoke.DirectMethodHandle$Holder.newInvokeSpecial(java.lang.Object, java.lang.Object, java.lang.Object, java.lang.Object, int)'> (0x0000000703a2e7b0) 
thrown [s\src\hotspot\share\interpreter\linkResolver.cpp, line 771]
Event: 15.729 Thread 0x000001b01ac244e0 Exception <a 'java/lang/NoSuchMethodError'{0x0000000703a34ac8}: 'java.lang.Object java.lang.invoke.DirectMethodHandle$Holder.invokeSpecial(java.lang.Object, java.lang.Object, java.lang.Object, java.lang.Object, java.lang.Object, int)'> (0x0000000703a34ac8) 
thrown [s\src\hotspot\share\interpreter\linkResolver.cpp, line 771]
Event: 15.730 Thread 0x000001b01ac244e0 Exception <a 'java/lang/NoSuchMethodError'{0x0000000703a3a790}: 'java.lang.Object java.lang.invoke.Invokers$Holder.linkToTargetMethod(java.lang.Object, java.lang.Object, java.lang.Object, int, java.lang.Object)'> (0x0000000703a3a790) 
thrown [s\src\hotspot\share\interpreter\linkResolver.cpp, line 771]
Event: 15.864 Thread 0x000001b01ac244e0 Exception <a 'java/lang/IncompatibleClassChangeError'{0x000000070381ad38}: Found class java.lang.Object, but interface was expected> (0x000000070381ad38) 
thrown [s\src\hotspot\share\interpreter\linkResolver.cpp, line 838]
Event: 16.339 Thread 0x000001b01ac244e0 Exception <a 'java/lang/NoSuchMethodError'{0x00000007031dc830}: 'java.lang.Object java.lang.invoke.DirectMethodHandle$Holder.invokeSpecial(java.lang.Object, java.lang.Object, int, java.lang.Object, java.lang.Object, java.lang.Object)'> (0x00000007031dc830) 
thrown [s\src\hotspot\share\interpreter\linkResolver.cpp, line 771]

VM Operations (20 events):
Event: 12.899 Executing VM operation: HandshakeAllThreads
Event: 12.900 Executing VM operation: HandshakeAllThreads done
Event: 12.901 Executing VM operation: HandshakeAllThreads
Event: 12.901 Executing VM operation: HandshakeAllThreads done
Event: 13.566 Executing VM operation: HandshakeAllThreads
Event: 13.567 Executing VM operation: HandshakeAllThreads done
Event: 13.992 Executing VM operation: G1CollectForAllocation
Event: 14.011 Executing VM operation: G1CollectForAllocation done
Event: 14.184 Executing VM operation: HandshakeAllThreads
Event: 14.184 Executing VM operation: HandshakeAllThreads done
Event: 14.699 Executing VM operation: HandshakeAllThreads
Event: 14.699 Executing VM operation: HandshakeAllThreads done
Event: 15.215 Executing VM operation: G1CollectForAllocation
Event: 15.225 Executing VM operation: G1CollectForAllocation done
Event: 15.349 Executing VM operation: HandshakeAllThreads
Event: 15.349 Executing VM operation: HandshakeAllThreads done
Event: 16.345 Executing VM operation: G1CollectForAllocation
Event: 16.353 Executing VM operation: G1CollectForAllocation done
Event: 17.232 Executing VM operation: G1CollectForAllocation
Event: 17.238 Executing VM operation: G1CollectForAllocation done

Events (20 events):
Event: 15.994 loading class javax/management/ListenerNotFoundException
Event: 15.994 loading class javax/management/ListenerNotFoundException done
Event: 15.995 loading class jdk/jfr/Recording
Event: 15.995 loading class jdk/jfr/Recording done
Event: 15.995 loading class jdk/jfr/FlightRecorder
Event: 15.996 loading class jdk/jfr/FlightRecorder done
Event: 15.996 loading class jdk/management/jfr/FlightRecorderMXBeanImpl$MXBeanListener
Event: 15.996 loading class jdk/jfr/FlightRecorderListener
Event: 15.996 loading class jdk/jfr/FlightRecorderListener done
Event: 15.996 loading class jdk/management/jfr/FlightRecorderMXBeanImpl$MXBeanListener done
Event: 15.999 loading class sun/reflect/misc/MethodUtil
Event: 16.000 loading class sun/reflect/misc/MethodUtil done
Event: 16.000 loading class sun/reflect/misc/MethodUtil$1
Event: 16.000 loading class sun/reflect/misc/MethodUtil$1 done
Event: 16.008 Thread 0x000001b01c2e1b30 Thread added: 0x000001b01c2e1b30
Event: 16.015 loading class java/lang/Byte$ByteCache
Event: 16.016 loading class java/lang/Byte$ByteCache done
Event: 16.167 loading class java/util/regex/Pattern$SliceI
Event: 16.168 loading class java/util/regex/Pattern$SliceI done
Event: 17.091 Thread 0x000001b01d9a2340 Thread exited: 0x000001b01d9a2340


Dynamic libraries:
0x00007ff756790000 - 0x00007ff75679a000 	C:\Program Files\Android\Android Studio\jbr\bin\java.exe
0x00007ff87fb50000 - 0x00007ff87fd67000 	C:\WINDOWS\SYSTEM32\ntdll.dll
0x00007ff87d8a0000 - 0x00007ff87d964000 	C:\WINDOWS\System32\KERNEL32.DLL
0x00007ff87ce90000 - 0x00007ff87d236000 	C:\WINDOWS\System32\KERNELBASE.dll
0x00007ff87d660000 - 0x00007ff87d771000 	C:\WINDOWS\System32\ucrtbase.dll
0x00007ff86ac50000 - 0x00007ff86ac6b000 	C:\Program Files\Android\Android Studio\jbr\bin\VCRUNTIME140.dll
0x00007ff85c3d0000 - 0x00007ff85c3e7000 	C:\Program Files\Android\Android Studio\jbr\bin\jli.dll
0x00007ff87c180000 - 0x00007ff87c413000 	C:\WINDOWS\WinSxS\amd64_microsoft.windows.common-controls_6595b64144ccf1df_6.0.22621.2506_none_270c5ae97388e100\COMCTL32.dll
0x00007ff87db30000 - 0x00007ff87dbd7000 	C:\WINDOWS\System32\msvcrt.dll
0x00007ff87dc90000 - 0x00007ff87de3e000 	C:\WINDOWS\System32\USER32.dll
0x00007ff87eb10000 - 0x00007ff87eb39000 	C:\WINDOWS\System32\GDI32.dll
0x00007ff87d630000 - 0x00007ff87d656000 	C:\WINDOWS\System32\win32u.dll
0x00007ff87d240000 - 0x00007ff87d358000 	C:\WINDOWS\System32\gdi32full.dll
0x00007ff87d590000 - 0x00007ff87d62a000 	C:\WINDOWS\System32\msvcp_win.dll
0x00007ff87e180000 - 0x00007ff87e1b1000 	C:\WINDOWS\System32\IMM32.DLL
0x00007ff877f10000 - 0x00007ff877f1c000 	C:\Program Files\Android\Android Studio\jbr\bin\vcruntime140_1.dll
0x00007ff85c340000 - 0x00007ff85c3cd000 	C:\Program Files\Android\Android Studio\jbr\bin\msvcp140.dll
0x00007fffd8be0000 - 0x00007fffd9860000 	C:\Program Files\Android\Android Studio\jbr\bin\server\jvm.dll
0x00007ff87e910000 - 0x00007ff87e9c3000 	C:\WINDOWS\System32\ADVAPI32.dll
0x00007ff87da20000 - 0x00007ff87dac8000 	C:\WINDOWS\System32\sechost.dll
0x00007ff87d780000 - 0x00007ff87d7a8000 	C:\WINDOWS\System32\bcrypt.dll
0x00007ff87e9d0000 - 0x00007ff87eae7000 	C:\WINDOWS\System32\RPCRT4.dll
0x00007ff8733a0000 - 0x00007ff8733a9000 	C:\WINDOWS\SYSTEM32\WSOCK32.dll
0x00007ff875000000 - 0x00007ff875034000 	C:\WINDOWS\SYSTEM32\WINMM.dll
0x00007ff875d70000 - 0x00007ff875d7a000 	C:\WINDOWS\SYSTEM32\VERSION.dll
0x00007ff87e730000 - 0x00007ff87e7a1000 	C:\WINDOWS\System32\WS2_32.dll
0x00007ff87b7f0000 - 0x00007ff87b808000 	C:\WINDOWS\SYSTEM32\kernel.appcore.dll
0x00007ff869b30000 - 0x00007ff869b3a000 	C:\Program Files\Android\Android Studio\jbr\bin\jimage.dll
0x00007ff87c790000 - 0x00007ff87c9c3000 	C:\WINDOWS\SYSTEM32\DBGHELP.DLL
0x00007ff87ed00000 - 0x00007ff87f089000 	C:\WINDOWS\System32\combase.dll
0x00007ff87e650000 - 0x00007ff87e727000 	C:\WINDOWS\System32\OLEAUT32.dll
0x00007ff87c600000 - 0x00007ff87c632000 	C:\WINDOWS\SYSTEM32\dbgcore.DLL
0x00007ff87d820000 - 0x00007ff87d89a000 	C:\WINDOWS\System32\bcryptPrimitives.dll
0x00007ff85ad20000 - 0x00007ff85ad45000 	C:\Program Files\Android\Android Studio\jbr\bin\java.dll
0x00007ff85ad00000 - 0x00007ff85ad18000 	C:\Program Files\Android\Android Studio\jbr\bin\zip.dll
0x00007ff87f230000 - 0x00007ff87fa8b000 	C:\WINDOWS\System32\SHELL32.dll
0x00007ff87a710000 - 0x00007ff87b006000 	C:\WINDOWS\SYSTEM32\windows.storage.dll
0x00007ff87a5d0000 - 0x00007ff87a70e000 	C:\WINDOWS\SYSTEM32\wintypes.dll
0x00007ff87f130000 - 0x00007ff87f223000 	C:\WINDOWS\System32\SHCORE.dll
0x00007ff87dad0000 - 0x00007ff87db2e000 	C:\WINDOWS\System32\shlwapi.dll
0x00007ff87cdc0000 - 0x00007ff87cde6000 	C:\WINDOWS\SYSTEM32\profapi.dll
0x00007ff85ac30000 - 0x00007ff85ac49000 	C:\Program Files\Android\Android Studio\jbr\bin\net.dll
0x00007ff875a20000 - 0x00007ff875b57000 	C:\WINDOWS\SYSTEM32\WINHTTP.dll
0x00007ff87bc30000 - 0x00007ff87bc99000 	C:\WINDOWS\system32\mswsock.dll
0x00007ff85ac10000 - 0x00007ff85ac26000 	C:\Program Files\Android\Android Studio\jbr\bin\nio.dll
0x00007ff869950000 - 0x00007ff869960000 	C:\Program Files\Android\Android Studio\jbr\bin\verify.dll
0x00007ff8544c0000 - 0x00007ff8544e7000 	C:\Users\LENOVO\.gradle\native\c067742578af261105cb4f569cf0c3c89f3d7b1fecec35dd04571415982c5e48\windows-amd64\native-platform.dll
0x00007ff804b50000 - 0x00007ff804c94000 	C:\Users\LENOVO\.gradle\native\38dada09dfb8b06ba9b0570ebf7e218e3eb74d4ef43ca46872605cf95ebc2f47\windows-amd64\native-platform-file-events.dll
0x00007ff864690000 - 0x00007ff864699000 	C:\Program Files\Android\Android Studio\jbr\bin\management.dll
0x00007ff85a660000 - 0x00007ff85a66b000 	C:\Program Files\Android\Android Studio\jbr\bin\management_ext.dll
0x00007ff87de40000 - 0x00007ff87de48000 	C:\WINDOWS\System32\PSAPI.DLL
0x00007ff87cab0000 - 0x00007ff87cacb000 	C:\WINDOWS\SYSTEM32\CRYPTSP.dll
0x00007ff87b750000 - 0x00007ff87b785000 	C:\WINDOWS\system32\rsaenh.dll
0x00007ff87bd20000 - 0x00007ff87bd4c000 	C:\WINDOWS\SYSTEM32\USERENV.dll
0x00007ff87be80000 - 0x00007ff87be8c000 	C:\WINDOWS\SYSTEM32\CRYPTBASE.dll
0x00007ff87b270000 - 0x00007ff87b29d000 	C:\WINDOWS\SYSTEM32\IPHLPAPI.DLL
0x00007ff87e640000 - 0x00007ff87e649000 	C:\WINDOWS\System32\NSI.dll
0x00007ff874fe0000 - 0x00007ff874ff9000 	C:\WINDOWS\SYSTEM32\dhcpcsvc6.DLL
0x00007ff874fc0000 - 0x00007ff874fdf000 	C:\WINDOWS\SYSTEM32\dhcpcsvc.DLL
0x00007ff87b330000 - 0x00007ff87b429000 	C:\WINDOWS\SYSTEM32\DNSAPI.dll
0x00007ff877e80000 - 0x00007ff877e88000 	C:\WINDOWS\system32\wshunix.dll

dbghelp: loaded successfully - version: 4.0.5 - missing functions: none
symbol engine: initialized successfully - sym options: 0x614 - pdb path: .;C:\Program Files\Android\Android Studio\jbr\bin;C:\WINDOWS\SYSTEM32;C:\WINDOWS\WinSxS\amd64_microsoft.windows.common-controls_6595b64144ccf1df_6.0.22621.2506_none_270c5ae97388e100;C:\Program Files\Android\Android Studio\jbr\bin\server;C:\Users\LENOVO\.gradle\native\c067742578af261105cb4f569cf0c3c89f3d7b1fecec35dd04571415982c5e48\windows-amd64;C:\Users\LENOVO\.gradle\native\38dada09dfb8b06ba9b0570ebf7e218e3eb74d4ef43ca46872605cf95ebc2f47\windows-amd64

VM Arguments:
jvm_args: --add-opens=java.base/java.util=ALL-UNNAMED --add-opens=java.base/java.lang=ALL-UNNAMED --add-opens=java.base/java.lang.invoke=ALL-UNNAMED --add-opens=java.prefs/java.util.prefs=ALL-UNNAMED --add-opens=java.base/java.nio.charset=ALL-UNNAMED --add-opens=java.base/java.net=ALL-UNNAMED --add-opens=java.base/java.util.concurrent.atomic=ALL-UNNAMED -Xmx4G -Dfile.encoding=windows-1252 -Duser.country=ID -Duser.language=en -Duser.variant 
java_command: org.gradle.launcher.daemon.bootstrap.GradleDaemon 7.6.3
java_class_path (initial): C:\Users\LENOVO\.gradle\wrapper\dists\gradle-7.6.3-all\aocdy2d2z8kodnny3rsumj8i8\gradle-7.6.3\lib\gradle-launcher-7.6.3.jar
Launcher Type: SUN_STANDARD

[Global flags]
     intx CICompilerCount                          = 4                                         {product} {ergonomic}
     uint ConcGCThreads                            = 2                                         {product} {ergonomic}
     uint G1ConcRefinementThreads                  = 8                                         {product} {ergonomic}
   size_t G1HeapRegionSize                         = 2097152                                   {product} {ergonomic}
    uintx GCDrainStackTargetSize                   = 64                                        {product} {ergonomic}
   size_t InitialHeapSize                          = 56623104                                  {product} {ergonomic}
   size_t MarkStackSize                            = 4194304                                   {product} {ergonomic}
   size_t MaxHeapSize                              = 4294967296                                {product} {command line}
   size_t MaxNewSize                               = 2575302656                                {product} {ergonomic}
   size_t MinHeapDeltaBytes                        = 2097152                                   {product} {ergonomic}
   size_t MinHeapSize                              = 8388608                                   {product} {ergonomic}
    uintx NonNMethodCodeHeapSize                   = 5839372                                {pd product} {ergonomic}
    uintx NonProfiledCodeHeapSize                  = 122909434                              {pd product} {ergonomic}
    uintx ProfiledCodeHeapSize                     = 122909434                              {pd product} {ergonomic}
    uintx ReservedCodeCacheSize                    = 251658240                              {pd product} {ergonomic}
     bool SegmentedCodeCache                       = true                                      {product} {ergonomic}
   size_t SoftMaxHeapSize                          = 4294967296                             {manageable} {ergonomic}
     bool UseCompressedClassPointers               = true                           {product lp64_product} {ergonomic}
     bool UseCompressedOops                        = true                           {product lp64_product} {ergonomic}
     bool UseG1GC                                  = true                                      {product} {ergonomic}
     bool UseLargePagesIndividualAllocation        = false                                  {pd product} {ergonomic}

Logging:
Log output configuration:
 #0: stdout all=warning uptime,level,tags
 #1: stderr all=off uptime,level,tags

Environment Variables:
JAVA_HOME=C:\Program Files\Android\Android Studio\jbr
CLASSPATH=D:\tugas flutter\tugaxsam\android\\gradle\wrapper\gradle-wrapper.jar
PATH=C:\Program Files\Android\Android Studio\jbr\bin;C:\ProgramData\Oracle\Java\javapath;C:\WINDOWS\system32;C:\WINDOWS;C:\WINDOWS\System32\Wbem;C:\WINDOWS\System32\WindowsPowerShell\v1.0\;C:\WINDOWS\System32\OpenSSH\;C:\Users\LENOVO\AppData\Local\Android\Sdk;C:\Users\LENOVO\AppData\Local\Android\Sdk\platforms;C:\Users\LENOVO\AppData\Local\Android\Sdk\tools;C:\Users\LENOVO\AppData\Local\Android\Sdk\bin;C:\Users\LENOVO\AppData\Local\Android\Sdk\platforms-tools;C:\Program Files\Git\cmd;C:\Users\LENOVO\AppData\Local\Microsoft\WindowsApps;C:\Users\LENOVO\AppData\Local\Programs\Microsoft VS Code\bin;C:\Users\LENOVO\AppData\Local\Android\Sdk;C:\flutter\bin;;C:\flutter\bin\mingit\cmd;C:\flutter\bin\mingit\cmd
USERNAME=LENOVO
OS=Windows_NT
PROCESSOR_IDENTIFIER=AMD64 Family 23 Model 104 Stepping 1, AuthenticAMD
TMP=C:\Users\LENOVO\AppData\Local\Temp
TEMP=C:\Users\LENOVO\AppData\Local\Temp


JNI global refs:
JNI global refs: 23, weak refs: 4

JNI global refs memory usage: 843, weak refs: 841

OOME stack traces (most recent first):
Classloader memory used:
Loader org.gradle.internal.classloader.VisitableURLClassLoader                         : 3712K
Loader bootstrap                                                                       : 2535K
Loader org.gradle.initialization.MixInLegacyTypesClassLoader                           : 800K
Loader jdk.internal.loader.ClassLoaders$PlatformClassLoader                            : 65051B
Loader jdk.internal.loader.ClassLoaders$AppClassLoader                                 : 26015B
Loader jdk.internal.reflect.DelegatingClassLoader                                      : 9180B
Loader org.gradle.groovy.scripts.internal.DefaultScriptCompilationHandler$ScriptClassLoader: 5051B
Loader org.gradle.internal.classloader.VisitableURLClassLoader                         : 2064B
Loader org.codehaus.groovy.runtime.callsite.CallSiteClassLoader                        : 1914B
Loader sun.reflect.misc.MethodUtil                                                     : 373B

Classes loaded by more than one classloader:
Class org.gradle.internal.installation.GradleInstallation                             : loaded 2 times (x 73B)
Class org.gradle.internal.classpath.ClassPath                                         : loaded 2 times (x 68B)
Class org.gradle.api.internal.classpath.DefaultModuleRegistry                         : loaded 2 times (x 84B)
Class org.gradle.api.Action                                                           : loaded 2 times (x 68B)
Class org.gradle.api.internal.DefaultClassPathProvider                                : loaded 2 times (x 74B)
Class org.gradle.internal.installation.GradleInstallation$1                           : loaded 2 times (x 73B)
Class org.gradle.internal.classloader.FilteringClassLoader                            : loaded 2 times (x 102B)
Class org.gradle.internal.classpath.DefaultClassPath$ImmutableUniqueList$Builder      : loaded 2 times (x 73B)
Class org.gradle.internal.classloader.ClassLoaderVisitor                              : loaded 2 times (x 74B)
Class org.gradle.internal.service.DefaultServiceLocator                               : loaded 2 times (x 81B)
Class org.gradle.internal.service.UnknownServiceException                             : loaded 2 times (x 81B)
Class org.gradle.internal.classloader.DefaultClassLoaderFactory                       : loaded 2 times (x 80B)
Class org.gradle.internal.classloader.VisitableURLClassLoader$Spec                    : loaded 2 times (x 72B)
Class org.gradle.api.GradleException                                                  : loaded 2 times (x 80B)
Class org.gradle.api.internal.classpath.ModuleRegistry                                : loaded 2 times (x 68B)
Class org.gradle.api.internal.ClassPathProvider                                       : loaded 2 times (x 68B)
Class org.gradle.internal.classloader.ClasspathUtil$1                                 : loaded 2 times (x 74B)
Class org.gradle.internal.classloader.ClassLoaderFactory                              : loaded 2 times (x 68B)
Class org.gradle.api.internal.classpath.ManifestUtil                                  : loaded 2 times (x 69B)
Class org.gradle.api.specs.Spec                                                       : loaded 2 times (x 68B)
Class org.gradle.internal.IoActions                                                   : loaded 2 times (x 69B)
Class org.gradle.api.internal.classpath.EffectiveClassPath                            : loaded 2 times (x 88B)
Class org.gradle.internal.installation.CurrentGradleInstallation                      : loaded 2 times (x 71B)
Class org.gradle.internal.installation.CurrentGradleInstallationLocator               : loaded 2 times (x 69B)
Class org.gradle.api.internal.classpath.Module                                        : loaded 2 times (x 68B)
Class org.gradle.internal.service.CachingServiceLocator                               : loaded 2 times (x 80B)
Class org.gradle.internal.classpath.DefaultClassPath                                  : loaded 2 times (x 88B)
Class org.gradle.api.Transformer                                                      : loaded 2 times (x 68B)
Class org.gradle.internal.classloader.SystemClassLoaderSpec                           : loaded 2 times (x 69B)
Class org.gradle.api.UncheckedIOException                                             : loaded 2 times (x 80B)
Class Program                                                                         : loaded 2 times (x 72B)
Class org.gradle.internal.classloader.ClasspathUtil                                   : loaded 2 times (x 69B)
Class org.gradle.api.internal.DefaultClassPathRegistry                                : loaded 2 times (x 74B)
Class org.gradle.api.internal.classpath.DefaultModuleRegistry$DefaultModule           : loaded 2 times (x 84B)
Class org.gradle.api.internal.classpath.UnknownModuleException                        : loaded 2 times (x 80B)
Class org.gradle.internal.service.ServiceLookupException                              : loaded 2 times (x 80B)
Class org.gradle.cache.GlobalCache                                                    : loaded 2 times (x 68B)
Class [Lorg.gradle.api.internal.ClassPathProvider;                                    : loaded 2 times (x 67B)
Class org.gradle.util.internal.GUtil                                                  : loaded 2 times (x 69B)
Class org.gradle.internal.classloader.ClassLoaderSpec                                 : loaded 2 times (x 69B)
Class org.gradle.internal.classloader.VisitableURLClassLoader                         : loaded 2 times (x 114B)
Class org.gradle.internal.Cast                                                        : loaded 2 times (x 69B)
Class org.gradle.api.internal.ClassPathRegistry                                       : loaded 2 times (x 68B)
Class org.gradle.internal.classloader.ClassLoaderHierarchy                            : loaded 2 times (x 68B)
Class org.gradle.internal.service.ServiceLocator                                      : loaded 2 times (x 68B)
Class org.gradle.internal.classpath.DefaultClassPath$ImmutableUniqueList              : loaded 2 times (x 159B)


---------------  S Y S T E M  ---------------

OS:
 Windows 11 , 64 bit Build 22621 (10.0.22621.3085)
OS uptime: 0 days 1:50 hours

CPU: total 8 (initial active 8) (8 cores per cpu, 2 threads per core) family 23 model 104 stepping 1 microcode 0x0, cx8, cmov, fxsr, ht, mmx, 3dnowpref, sse, sse2, sse3, ssse3, sse4a, sse4.1, sse4.2, popcnt, lzcnt, tsc, tscinvbit, avx, avx2, aes, clmul, bmi1, bmi2, adx, sha, fma, vzeroupper, clflush, clflushopt

Memory: 4k page, system-wide physical 3446M (303M free)
TotalPageFile size 14198M (AvailPageFile size 0M)
current process WorkingSet (physical memory assigned to process): 235M, peak: 241M
current process commit charge ("private bytes"): 285M, peak: 293M

vm_info: OpenJDK 64-Bit Server VM (17.0.7+0-b2043.56-10550314) for windows-amd64 JRE (17.0.7+0-b2043.56-10550314), built on Jul 24 2023 18:27:45 by "androidbuild" with MS VC++ 16.10 / 16.11 (VS2019)

END.
